<?xml version="1.0" encoding="UTF-8"?>
<!-- Generated by org.testng.reporters.JUnitXMLReporter -->
<testsuite hostname="005820" ignored="0" name="RTSM ClinPhone Test" tests="1" failures="1" timestamp="13 Feb 2020 11:47:45 GMT" time="0.53" errors="0">
  <testcase name="feature" time="0.106" classname="com.qa.Runner.TestRunner">
    <failure type="cucumber.runtime.CucumberException" message="cucumber.runtime.CucumberException: There are undefined steps">
      <![CDATA[cucumber.runtime.CucumberException: cucumber.runtime.CucumberException: There are undefined steps
at cucumber.api.testng.TestNGCucumberRunner.runCucumber(TestNGCucumberRunner.java:69)
at com.qa.Runner.TestRunner.feature(TestRunner.java:37)
at java.util.concurrent.FutureTask.run(Unknown Source)
at java.util.concurrent.ThreadPoolExecutor.runWorker(Unknown Source)
at java.util.concurrent.ThreadPoolExecutor$Worker.run(Unknown Source)
at java.lang.Thread.run(Unknown Source)
Caused by: cucumber.runtime.CucumberException: There are undefined steps
at cucumber.api.testng.FeatureResultListener.collectError(FeatureResultListener.java:60)
at cucumber.api.testng.FeatureResultListener.result(FeatureResultListener.java:45)
at cucumber.runtime.Runtime.runStep(Runtime.java:282)
at cucumber.runtime.model.StepContainer.runStep(StepContainer.java:44)
at cucumber.runtime.model.StepContainer.runSteps(StepContainer.java:39)
at cucumber.runtime.model.CucumberScenario.run(CucumberScenario.java:44)
at cucumber.runtime.model.CucumberFeature.run(CucumberFeature.java:165)
at cucumber.api.testng.TestNGCucumberRunner.runCucumber(TestNGCucumberRunner.java:63)
... 21 more
... Removed 16 stack frames]]>
    </failure>
  </testcase> <!-- feature -->
</testsuite> <!-- RTSM ClinPhone Test -->
